Determining if the pthread_create exist failed with the following output:
Change Dir: /home/auvsi/Desktop/auvsi-client/catkin_ws/build/CMakeFiles/CMakeTmp

Run Build Command:/usr/bin/make "cmTryCompileExec2422259874/fast"
/usr/bin/make -f CMakeFiles/cmTryCompileExec2422259874.dir/build.make CMakeFiles/cmTryCompileExec2422259874.dir/build
make[1]: Entering directory `/home/auvsi/Desktop/auvsi-client/catkin_ws/build/CMakeFiles/CMakeTmp'
/usr/bin/cmake -E cmake_progress_report /home/auvsi/Desktop/auvsi-client/catkin_ws/build/CMakeFiles/CMakeTmp/CMakeFiles 1
Building C object CMakeFiles/cmTryCompileExec2422259874.dir/CheckSymbolExists.c.o
/usr/bin/cc    -o CMakeFiles/cmTryCompileExec2422259874.dir/CheckSymbolExists.c.o   -c /home/auvsi/Desktop/auvsi-client/catkin_ws/build/CMakeFiles/CMakeTmp/CheckSymbolExists.c
Linking C executable cmTryCompileExec2422259874
/usr/bin/cmake -E cmake_link_script CMakeFiles/cmTryCompileExec2422259874.dir/link.txt --verbose=1
/usr/bin/cc       CMakeFiles/cmTryCompileExec2422259874.dir/CheckSymbolExists.c.o  -o cmTryCompileExec2422259874 -rdynamic 
CMakeFiles/cmTryCompileExec2422259874.dir/CheckSymbolExists.c.o: In function `main':
CheckSymbolExists.c:(.text+0x16): undefined reference to `pthread_create'
make[1]: Leaving directory `/home/auvsi/Desktop/auvsi-client/catkin_ws/build/CMakeFiles/CMakeTmp'
collect2: error: ld returned 1 exit status
make[1]: *** [cmTryCompileExec2422259874] Error 1
make: *** [cmTryCompileExec2422259874/fast] Error 2

File /home/auvsi/Desktop/auvsi-client/catkin_ws/build/CMakeFiles/CMakeTmp/CheckSymbolExists.c:
/* */
#include <pthread.h>

int main(int argc, char** argv)
{
  (void)argv;
#ifndef pthread_create
  return ((int*)(&pthread_create))[argc];
#else
  (void)argc;
  return 0;
#endif
}

Determining if the function pthread_create exists in the pthreads failed with the following output:
Change Dir: /home/auvsi/Desktop/auvsi-client/catkin_ws/build/CMakeFiles/CMakeTmp

Run Build Command:/usr/bin/make "cmTryCompileExec2974214229/fast"
/usr/bin/make -f CMakeFiles/cmTryCompileExec2974214229.dir/build.make CMakeFiles/cmTryCompileExec2974214229.dir/build
make[1]: Entering directory `/home/auvsi/Desktop/auvsi-client/catkin_ws/build/CMakeFiles/CMakeTmp'
/usr/bin/cmake -E cmake_progress_report /home/auvsi/Desktop/auvsi-client/catkin_ws/build/CMakeFiles/CMakeTmp/CMakeFiles 1
Building C object CMakeFiles/cmTryCompileExec2974214229.dir/CheckFunctionExists.c.o
/usr/bin/cc   -DCHECK_FUNCTION_EXISTS=pthread_create   -o CMakeFiles/cmTryCompileExec2974214229.dir/CheckFunctionExists.c.o   -c /usr/share/cmake-2.8/Modules/CheckFunctionExists.c
Linking C executable cmTryCompileExec2974214229
/usr/bin/cmake -E cmake_link_script CMakeFiles/cmTryCompileExec2974214229.dir/link.txt --verbose=1
/usr/bin/cc   -DCHECK_FUNCTION_EXISTS=pthread_create    CMakeFiles/cmTryCompileExec2974214229.dir/CheckFunctionExists.c.o  -o cmTryCompileExec2974214229 -rdynamic -lpthreads 
/usr/bin/ld: cannot find -lpthreads
collect2: error: ld returned 1 exit status
make[1]: Leaving directory `/home/auvsi/Desktop/auvsi-client/catkin_ws/build/CMakeFiles/CMakeTmp'
make[1]: *** [cmTryCompileExec2974214229] Error 1
make: *** [cmTryCompileExec2974214229/fast] Error 2


